# JRE version: Java(TM) SE Runtime Environment (8.0_211-b12) (build 1.8.0_211-b12)
# Java VM: Java HotSpot(TM) 64-Bit Server VM (25.211-b12 mixed mode windows-amd64 compressed oops)
Heap:
 PSYoungGen      total 235520K, used 124795K [0x000000078ab00000, 0x00000007a1d00000, 0x00000007c0000000)
  eden space 220160K, 49% used [0x000000078ab00000,0x00000007915e2e30,0x0000000798200000)
  from space 15360K, 99% used [0x0000000798200000,0x00000007990fc140,0x0000000799100000)
  to   space 18432K, 0% used [0x00000007a0b00000,0x00000007a0b00000,0x00000007a1d00000)
 ParOldGen       total 108544K, used 24706K [0x0000000720000000, 0x0000000726a00000, 0x000000078ab00000)
  object space 108544K, 22% used [0x0000000720000000,0x0000000721820ae0,0x0000000726a00000)
 Metaspace       used 52299K, capacity 54322K, committed 54440K, reserved 1095680K
  class space    used 6927K, capacity 7279K, committed 7336K, reserved 1048576K
GC Heap History (10 events):
Event: 4.275 GC heap before
{Heap before GC invocations=5 (full 1):
 PSYoungGen      total 88576K, used 81920K [0x000000078ab00000, 0x0000000795800000, 0x00000007c0000000)
  eden space 81920K, 100% used [0x000000078ab00000,0x000000078fb00000,0x000000078fb00000)
  from space 6656K, 0% used [0x000000078fb00000,0x000000078fb00000,0x0000000790180000)
  to   space 6656K, 0% used [0x0000000795180000,0x0000000795180000,0x0000000795800000)
 ParOldGen       total 67072K, used 9278K [0x0000000720000000, 0x0000000724180000, 0x000000078ab00000)
  object space 67072K, 13% used [0x0000000720000000,0x000000072090f9d0,0x0000000724180000)
 Metaspace       used 24872K, capacity 25558K, committed 25728K, reserved 1071104K
  class space    used 3239K, capacity 3411K, committed 3456K, reserved 1048576K
Event: 4.316 GC heap after
Heap after GC invocations=5 (full 1):
 PSYoungGen      total 142848K, used 6101K [0x000000078ab00000, 0x0000000795780000, 0x00000007c0000000)
  eden space 136704K, 0% used [0x000000078ab00000,0x000000078ab00000,0x0000000793080000)
  from space 6144K, 99% used [0x0000000795180000,0x00000007957754a8,0x0000000795780000)
  to   space 6656K, 0% used [0x0000000794a80000,0x0000000794a80000,0x0000000795100000)
 ParOldGen       total 67072K, used 9286K [0x0000000720000000, 0x0000000724180000, 0x000000078ab00000)
  object space 67072K, 13% used [0x0000000720000000,0x00000007209119d0,0x0000000724180000)
 Metaspace       used 24872K, capacity 25558K, committed 25728K, reserved 1071104K
  class space    used 3239K, capacity 3411K, committed 3456K, reserved 1048576K
}
Event: 7.265 GC heap before
{Heap before GC invocations=6 (full 1):
 PSYoungGen      total 142848K, used 142805K [0x000000078ab00000, 0x0000000795780000, 0x00000007c0000000)
  eden space 136704K, 100% used [0x000000078ab00000,0x0000000793080000,0x0000000793080000)
  from space 6144K, 99% used [0x0000000795180000,0x00000007957754a8,0x0000000795780000)
  to   space 6656K, 0% used [0x0000000794a80000,0x0000000794a80000,0x0000000795100000)
 ParOldGen       total 67072K, used 9286K [0x0000000720000000, 0x0000000724180000, 0x000000078ab00000)
  object space 67072K, 13% used [0x0000000720000000,0x00000007209119d0,0x0000000724180000)
 Metaspace       used 31245K, capacity 32298K, committed 32512K, reserved 1077248K
  class space    used 4110K, capacity 4347K, committed 4352K, reserved 1048576K
Event: 7.282 GC heap after
Heap after GC invocations=6 (full 1):
 PSYoungGen      total 169984K, used 6649K [0x000000078ab00000, 0x000000079a000000, 0x00000007c0000000)
  eden space 163328K, 0% used [0x000000078ab00000,0x000000078ab00000,0x0000000794a80000)
  from space 6656K, 99% used [0x0000000794a80000,0x00000007950fe4d0,0x0000000795100000)
  to   space 15360K, 0% used [0x0000000799100000,0x0000000799100000,0x000000079a000000)
 ParOldGen       total 67072K, used 18149K [0x0000000720000000, 0x0000000724180000, 0x000000078ab00000)
  object space 67072K, 27% used [0x0000000720000000,0x00000007211b95f0,0x0000000724180000)
 Metaspace       used 31245K, capacity 32298K, committed 32512K, reserved 1077248K
  class space    used 4110K, capacity 4347K, committed 4352K, reserved 1048576K
}
Event: 8.252 GC heap before
{Heap before GC invocations=7 (full 1):
 PSYoungGen      total 169984K, used 61206K [0x000000078ab00000, 0x000000079a000000, 0x00000007c0000000)
  eden space 163328K, 33% used [0x000000078ab00000,0x000000078e047690,0x0000000794a80000)
  from space 6656K, 99% used [0x0000000794a80000,0x00000007950fe4d0,0x0000000795100000)
  to   space 15360K, 0% used [0x0000000799100000,0x0000000799100000,0x000000079a000000)
 ParOldGen       total 67072K, used 18149K [0x0000000720000000, 0x0000000724180000, 0x000000078ab00000)
  object space 67072K, 27% used [0x0000000720000000,0x00000007211b95f0,0x0000000724180000)
 Metaspace       used 33988K, capacity 35430K, committed 35496K, reserved 1079296K
  class space    used 4449K, capacity 4745K, committed 4776K, reserved 1048576K
Event: 8.285 GC heap after
Heap after GC invocations=7 (full 1):
 PSYoungGen      total 235520K, used 10659K [0x000000078ab00000, 0x000000079cb00000, 0x00000007c0000000)
  eden space 220160K, 0% used [0x000000078ab00000,0x000000078ab00000,0x0000000798200000)
  from space 15360K, 69% used [0x0000000799100000,0x0000000799b68e60,0x000000079a000000)
  to   space 15360K, 0% used [0x0000000798200000,0x0000000798200000,0x0000000799100000)
 ParOldGen       total 67072K, used 18157K [0x0000000720000000, 0x0000000724180000, 0x000000078ab00000)
  object space 67072K, 27% used [0x0000000720000000,0x00000007211bb5f0,0x0000000724180000)
 Metaspace       used 33988K, capacity 35430K, committed 35496K, reserved 1079296K
  class space    used 4449K, capacity 4745K, committed 4776K, reserved 1048576K
}
Event: 8.285 GC heap before
{Heap before GC invocations=8 (full 2):
 PSYoungGen      total 235520K, used 10659K [0x000000078ab00000, 0x000000079cb00000, 0x00000007c0000000)
  eden space 220160K, 0% used [0x000000078ab00000,0x000000078ab00000,0x0000000798200000)
  from space 15360K, 69% used [0x0000000799100000,0x0000000799b68e60,0x000000079a000000)
  to   space 15360K, 0% used [0x0000000798200000,0x0000000798200000,0x0000000799100000)
 ParOldGen       total 67072K, used 18157K [0x0000000720000000, 0x0000000724180000, 0x000000078ab00000)
  object space 67072K, 27% used [0x0000000720000000,0x00000007211bb5f0,0x0000000724180000)
 Metaspace       used 33988K, capacity 35430K, committed 35496K, reserved 1079296K
  class space    used 4449K, capacity 4745K, committed 4776K, reserved 1048576K
Event: 8.412 GC heap after
Heap after GC invocations=8 (full 2):
 PSYoungGen      total 235520K, used 0K [0x000000078ab00000, 0x000000079cb00000, 0x00000007c0000000)
  eden space 220160K, 0% used [0x000000078ab00000,0x000000078ab00000,0x0000000798200000)
  from space 15360K, 0% used [0x0000000799100000,0x0000000799100000,0x000000079a000000)
  to   space 15360K, 0% used [0x0000000798200000,0x0000000798200000,0x0000000799100000)
 ParOldGen       total 108544K, used 23140K [0x0000000720000000, 0x0000000726a00000, 0x000000078ab00000)
  object space 108544K, 21% used [0x0000000720000000,0x0000000721699228,0x0000000726a00000)
 Metaspace       used 33988K, capacity 35430K, committed 35496K, reserved 1079296K
  class space    used 4449K, capacity 4745K, committed 4776K, reserved 1048576K
}
Event: 11.854 GC heap before
{Heap before GC invocations=9 (full 2):
 PSYoungGen      total 235520K, used 220160K [0x000000078ab00000, 0x000000079cb00000, 0x00000007c0000000)
  eden space 220160K, 100% used [0x000000078ab00000,0x0000000798200000,0x0000000798200000)
  from space 15360K, 0% used [0x0000000799100000,0x0000000799100000,0x000000079a000000)
  to   space 15360K, 0% used [0x0000000798200000,0x0000000798200000,0x0000000799100000)
 ParOldGen       total 108544K, used 23140K [0x0000000720000000, 0x0000000726a00000, 0x000000078ab00000)
  object space 108544K, 21% used [0x0000000720000000,0x0000000721699228,0x0000000726a00000)
 Metaspace       used 45924K, capacity 47596K, committed 47912K, reserved 1091584K
  class space    used 6065K, capacity 6384K, committed 6440K, reserved 1048576K
Event: 11.907 GC heap after
Heap after GC invocations=9 (full 2):
 PSYoungGen      total 235520K, used 15344K [0x000000078ab00000, 0x00000007a1d00000, 0x00000007c0000000)
  eden space 220160K, 0% used [0x000000078ab00000,0x000000078ab00000,0x0000000798200000)
  from space 15360K, 99% used [0x0000000798200000,0x00000007990fc140,0x0000000799100000)
  to   space 18432K, 0% used [0x00000007a0b00000,0x00000007a0b00000,0x00000007a1d00000)
 ParOldGen       total 108544K, used 24706K [0x0000000720000000, 0x0000000726a00000, 0x000000078ab00000)
  object space 108544K, 22% used [0x0000000720000000,0x0000000721820ae0,0x0000000726a00000)
 Metaspace       used 45924K, capacity 47596K, committed 47912K, reserved 1091584K
  class space    used 6065K, capacity 6384K, committed 6440K, reserved 1048576K
}

