# JRE version: Java(TM) SE Runtime Environment (8.0_211-b12) (build 1.8.0_211-b12)
# Java VM: Java HotSpot(TM) 64-Bit Server VM (25.211-b12 mixed mode windows-amd64 compressed oops)
Heap:
 PSYoungGen      total 137216K, used 48742K [0x000000078ab00000, 0x0000000794180000, 0x00000007c0000000)
  eden space 127488K, 30% used [0x000000078ab00000,0x000000078d11c0e8,0x0000000792780000)
  from space 9728K, 99% used [0x0000000793400000,0x0000000793d7d9f8,0x0000000793d80000)
  to   space 12800K, 0% used [0x0000000792780000,0x0000000792780000,0x0000000793400000)
 ParOldGen       total 64512K, used 11875K [0x0000000720000000, 0x0000000723f00000, 0x000000078ab00000)
  object space 64512K, 18% used [0x0000000720000000,0x0000000720b98da0,0x0000000723f00000)
 Metaspace       used 30816K, capacity 31870K, committed 32000K, reserved 1077248K
  class space    used 4042K, capacity 4275K, committed 4352K, reserved 1048576K
GC Heap History (10 events):
Event: 2.603 GC heap before
{Heap before GC invocations=3 (full 0):
 PSYoungGen      total 47616K, used 47310K [0x000000078ab00000, 0x0000000790800000, 0x00000007c0000000)
  eden space 40960K, 100% used [0x000000078ab00000,0x000000078d300000,0x000000078d300000)
  from space 6656K, 95% used [0x000000078d980000,0x000000078dfb3a08,0x000000078e000000)
  to   space 6656K, 0% used [0x000000078d300000,0x000000078d300000,0x000000078d980000)
 ParOldGen       total 109568K, used 24K [0x0000000720000000, 0x0000000726b00000, 0x000000078ab00000)
  object space 109568K, 0% used [0x0000000720000000,0x0000000720006000,0x0000000726b00000)
 Metaspace       used 19246K, capacity 19810K, committed 20224K, reserved 1067008K
  class space    used 2539K, capacity 2695K, committed 2816K, reserved 1048576K
Event: 2.619 GC heap after
Heap after GC invocations=3 (full 0):
 PSYoungGen      total 47616K, used 6633K [0x000000078ab00000, 0x0000000790800000, 0x00000007c0000000)
  eden space 40960K, 0% used [0x000000078ab00000,0x000000078ab00000,0x000000078d300000)
  from space 6656K, 99% used [0x000000078d300000,0x000000078d97a7f8,0x000000078d980000)
  to   space 6656K, 0% used [0x0000000790180000,0x0000000790180000,0x0000000790800000)
 ParOldGen       total 109568K, used 1546K [0x0000000720000000, 0x0000000726b00000, 0x000000078ab00000)
  object space 109568K, 1% used [0x0000000720000000,0x00000007201829b8,0x0000000726b00000)
 Metaspace       used 19246K, capacity 19810K, committed 20224K, reserved 1067008K
  class space    used 2539K, capacity 2695K, committed 2816K, reserved 1048576K
}
Event: 2.769 GC heap before
{Heap before GC invocations=4 (full 0):
 PSYoungGen      total 47616K, used 19187K [0x000000078ab00000, 0x0000000790800000, 0x00000007c0000000)
  eden space 40960K, 30% used [0x000000078ab00000,0x000000078b7427c8,0x000000078d300000)
  from space 6656K, 99% used [0x000000078d300000,0x000000078d97a7f8,0x000000078d980000)
  to   space 6656K, 0% used [0x0000000790180000,0x0000000790180000,0x0000000790800000)
 ParOldGen       total 109568K, used 1546K [0x0000000720000000, 0x0000000726b00000, 0x000000078ab00000)
  object space 109568K, 1% used [0x0000000720000000,0x00000007201829b8,0x0000000726b00000)
 Metaspace       used 20611K, capacity 21148K, committed 21296K, reserved 1067008K
  class space    used 2689K, capacity 2862K, committed 2944K, reserved 1048576K
Event: 2.780 GC heap after
Heap after GC invocations=4 (full 0):
 PSYoungGen      total 88576K, used 6245K [0x000000078ab00000, 0x0000000790800000, 0x00000007c0000000)
  eden space 81920K, 0% used [0x000000078ab00000,0x000000078ab00000,0x000000078fb00000)
  from space 6656K, 93% used [0x0000000790180000,0x00000007907997f0,0x0000000790800000)
  to   space 6656K, 0% used [0x000000078fb00000,0x000000078fb00000,0x0000000790180000)
 ParOldGen       total 109568K, used 1554K [0x0000000720000000, 0x0000000726b00000, 0x000000078ab00000)
  object space 109568K, 1% used [0x0000000720000000,0x00000007201849b8,0x0000000726b00000)
 Metaspace       used 20611K, capacity 21148K, committed 21296K, reserved 1067008K
  class space    used 2689K, capacity 2862K, committed 2944K, reserved 1048576K
}
Event: 2.780 GC heap before
{Heap before GC invocations=5 (full 1):
 PSYoungGen      total 88576K, used 6245K [0x000000078ab00000, 0x0000000790800000, 0x00000007c0000000)
  eden space 81920K, 0% used [0x000000078ab00000,0x000000078ab00000,0x000000078fb00000)
  from space 6656K, 93% used [0x0000000790180000,0x00000007907997f0,0x0000000790800000)
  to   space 6656K, 0% used [0x000000078fb00000,0x000000078fb00000,0x0000000790180000)
 ParOldGen       total 109568K, used 1554K [0x0000000720000000, 0x0000000726b00000, 0x000000078ab00000)
  object space 109568K, 1% used [0x0000000720000000,0x00000007201849b8,0x0000000726b00000)
 Metaspace       used 20611K, capacity 21148K, committed 21296K, reserved 1067008K
  class space    used 2689K, capacity 2862K, committed 2944K, reserved 1048576K
Event: 2.831 GC heap after
Heap after GC invocations=5 (full 1):
 PSYoungGen      total 88576K, used 0K [0x000000078ab00000, 0x0000000790800000, 0x00000007c0000000)
  eden space 81920K, 0% used [0x000000078ab00000,0x000000078ab00000,0x000000078fb00000)
  from space 6656K, 0% used [0x0000000790180000,0x0000000790180000,0x0000000790800000)
  to   space 6656K, 0% used [0x000000078fb00000,0x000000078fb00000,0x0000000790180000)
 ParOldGen       total 64512K, used 6182K [0x0000000720000000, 0x0000000723f00000, 0x000000078ab00000)
  object space 64512K, 9% used [0x0000000720000000,0x0000000720609878,0x0000000723f00000)
 Metaspace       used 20611K, capacity 21148K, committed 21296K, reserved 1067008K
  class space    used 2689K, capacity 2862K, committed 2944K, reserved 1048576K
}
Event: 3.745 GC heap before
{Heap before GC invocations=6 (full 1):
 PSYoungGen      total 88576K, used 81920K [0x000000078ab00000, 0x0000000790800000, 0x00000007c0000000)
  eden space 81920K, 100% used [0x000000078ab00000,0x000000078fb00000,0x000000078fb00000)
  from space 6656K, 0% used [0x0000000790180000,0x0000000790180000,0x0000000790800000)
  to   space 6656K, 0% used [0x000000078fb00000,0x000000078fb00000,0x0000000790180000)
 ParOldGen       total 64512K, used 6182K [0x0000000720000000, 0x0000000723f00000, 0x000000078ab00000)
  object space 64512K, 9% used [0x0000000720000000,0x0000000720609878,0x0000000723f00000)
 Metaspace       used 25322K, capacity 26046K, committed 26368K, reserved 1073152K
  class space    used 3306K, capacity 3507K, committed 3584K, reserved 1048576K
Event: 3.760 GC heap after
Heap after GC invocations=6 (full 1):
 PSYoungGen      total 88576K, used 6630K [0x000000078ab00000, 0x0000000793d80000, 0x00000007c0000000)
  eden space 81920K, 0% used [0x000000078ab00000,0x000000078ab00000,0x000000078fb00000)
  from space 6656K, 99% used [0x000000078fb00000,0x0000000790179938,0x0000000790180000)
  to   space 9728K, 0% used [0x0000000793400000,0x0000000793400000,0x0000000793d80000)
 ParOldGen       total 64512K, used 8810K [0x0000000720000000, 0x0000000723f00000, 0x000000078ab00000)
  object space 64512K, 13% used [0x0000000720000000,0x000000072089a910,0x0000000723f00000)
 Metaspace       used 25322K, capacity 26046K, committed 26368K, reserved 1073152K
  class space    used 3306K, capacity 3507K, committed 3584K, reserved 1048576K
}
Event: 5.671 GC heap before
{Heap before GC invocations=7 (full 1):
 PSYoungGen      total 88576K, used 88550K [0x000000078ab00000, 0x0000000793d80000, 0x00000007c0000000)
  eden space 81920K, 100% used [0x000000078ab00000,0x000000078fb00000,0x000000078fb00000)
  from space 6656K, 99% used [0x000000078fb00000,0x0000000790179938,0x0000000790180000)
  to   space 9728K, 0% used [0x0000000793400000,0x0000000793400000,0x0000000793d80000)
 ParOldGen       total 64512K, used 8810K [0x0000000720000000, 0x0000000723f00000, 0x000000078ab00000)
  object space 64512K, 13% used [0x0000000720000000,0x000000072089a910,0x0000000723f00000)
 Metaspace       used 29032K, capacity 30098K, committed 30208K, reserved 1075200K
  class space    used 3813K, capacity 4061K, committed 4096K, reserved 1048576K
Event: 5.700 GC heap after
Heap after GC invocations=7 (full 1):
 PSYoungGen      total 137216K, used 9718K [0x000000078ab00000, 0x0000000794180000, 0x00000007c0000000)
  eden space 127488K, 0% used [0x000000078ab00000,0x000000078ab00000,0x0000000792780000)
  from space 9728K, 99% used [0x0000000793400000,0x0000000793d7d9f8,0x0000000793d80000)
  to   space 12800K, 0% used [0x0000000792780000,0x0000000792780000,0x0000000793400000)
 ParOldGen       total 64512K, used 11875K [0x0000000720000000, 0x0000000723f00000, 0x000000078ab00000)
  object space 64512K, 18% used [0x0000000720000000,0x0000000720b98da0,0x0000000723f00000)
 Metaspace       used 29032K, capacity 30098K, committed 30208K, reserved 1075200K
  class space    used 3813K, capacity 4061K, committed 4096K, reserved 1048576K
}

