# JRE version: Java(TM) SE Runtime Environment (8.0_211-b12) (build 1.8.0_211-b12)
# Java VM: Java HotSpot(TM) 64-Bit Server VM (25.211-b12 mixed mode windows-amd64 compressed oops)
Heap:
 PSYoungGen      total 141312K, used 12784K [0x000000078ab00000, 0x0000000799980000, 0x00000007c0000000)
  eden space 128512K, 0% used [0x000000078ab00000,0x000000078ab00000,0x0000000792880000)
  from space 12800K, 99% used [0x0000000792880000,0x00000007934fc328,0x0000000793500000)
  to   space 15872K, 0% used [0x0000000798a00000,0x0000000798a00000,0x0000000799980000)
 ParOldGen       total 65536K, used 14364K [0x0000000720000000, 0x0000000724000000, 0x000000078ab00000)
  object space 65536K, 21% used [0x0000000720000000,0x0000000720e073f0,0x0000000724000000)
 Metaspace       used 33981K, capacity 35430K, committed 35496K, reserved 1079296K
  class space    used 4449K, capacity 4745K, committed 4776K, reserved 1048576K
GC Heap History (10 events):
Event: 2.871 GC heap after
Heap after GC invocations=4 (full 0):
 PSYoungGen      total 88576K, used 6386K [0x000000078ab00000, 0x0000000790800000, 0x00000007c0000000)
  eden space 81920K, 0% used [0x000000078ab00000,0x000000078ab00000,0x000000078fb00000)
  from space 6656K, 95% used [0x0000000790180000,0x00000007907bcaf8,0x0000000790800000)
  to   space 6656K, 0% used [0x000000078fb00000,0x000000078fb00000,0x0000000790180000)
 ParOldGen       total 109568K, used 1566K [0x0000000720000000, 0x0000000726b00000, 0x000000078ab00000)
  object space 109568K, 1% used [0x0000000720000000,0x0000000720187a18,0x0000000726b00000)
 Metaspace       used 20588K, capacity 21156K, committed 21296K, reserved 1067008K
  class space    used 2692K, capacity 2866K, committed 2944K, reserved 1048576K
}
Event: 2.871 GC heap before
{Heap before GC invocations=5 (full 1):
 PSYoungGen      total 88576K, used 6386K [0x000000078ab00000, 0x0000000790800000, 0x00000007c0000000)
  eden space 81920K, 0% used [0x000000078ab00000,0x000000078ab00000,0x000000078fb00000)
  from space 6656K, 95% used [0x0000000790180000,0x00000007907bcaf8,0x0000000790800000)
  to   space 6656K, 0% used [0x000000078fb00000,0x000000078fb00000,0x0000000790180000)
 ParOldGen       total 109568K, used 1566K [0x0000000720000000, 0x0000000726b00000, 0x000000078ab00000)
  object space 109568K, 1% used [0x0000000720000000,0x0000000720187a18,0x0000000726b00000)
 Metaspace       used 20588K, capacity 21156K, committed 21296K, reserved 1067008K
  class space    used 2692K, capacity 2866K, committed 2944K, reserved 1048576K
Event: 2.933 GC heap after
Heap after GC invocations=5 (full 1):
 PSYoungGen      total 88576K, used 0K [0x000000078ab00000, 0x0000000790800000, 0x00000007c0000000)
  eden space 81920K, 0% used [0x000000078ab00000,0x000000078ab00000,0x000000078fb00000)
  from space 6656K, 0% used [0x0000000790180000,0x0000000790180000,0x0000000790800000)
  to   space 6656K, 0% used [0x000000078fb00000,0x000000078fb00000,0x0000000790180000)
 ParOldGen       total 65536K, used 6289K [0x0000000720000000, 0x0000000724000000, 0x000000078ab00000)
  object space 65536K, 9% used [0x0000000720000000,0x0000000720624408,0x0000000724000000)
 Metaspace       used 20588K, capacity 21156K, committed 21296K, reserved 1067008K
  class space    used 2692K, capacity 2866K, committed 2944K, reserved 1048576K
}
Event: 4.009 GC heap before
{Heap before GC invocations=6 (full 1):
 PSYoungGen      total 88576K, used 81920K [0x000000078ab00000, 0x0000000790800000, 0x00000007c0000000)
  eden space 81920K, 100% used [0x000000078ab00000,0x000000078fb00000,0x000000078fb00000)
  from space 6656K, 0% used [0x0000000790180000,0x0000000790180000,0x0000000790800000)
  to   space 6656K, 0% used [0x000000078fb00000,0x000000078fb00000,0x0000000790180000)
 ParOldGen       total 65536K, used 6289K [0x0000000720000000, 0x0000000724000000, 0x000000078ab00000)
  object space 65536K, 9% used [0x0000000720000000,0x0000000720624408,0x0000000724000000)
 Metaspace       used 25431K, capacity 26108K, committed 26368K, reserved 1073152K
  class space    used 3323K, capacity 3508K, committed 3584K, reserved 1048576K
Event: 4.040 GC heap after
Heap after GC invocations=6 (full 1):
 PSYoungGen      total 88576K, used 6644K [0x000000078ab00000, 0x0000000793f00000, 0x00000007c0000000)
  eden space 81920K, 0% used [0x000000078ab00000,0x000000078ab00000,0x000000078fb00000)
  from space 6656K, 99% used [0x000000078fb00000,0x000000079017d0c0,0x0000000790180000)
  to   space 10240K, 0% used [0x0000000793500000,0x0000000793500000,0x0000000793f00000)
 ParOldGen       total 65536K, used 9164K [0x0000000720000000, 0x0000000724000000, 0x000000078ab00000)
  object space 65536K, 13% used [0x0000000720000000,0x00000007208f32e8,0x0000000724000000)
 Metaspace       used 25431K, capacity 26108K, committed 26368K, reserved 1073152K
  class space    used 3323K, capacity 3508K, committed 3584K, reserved 1048576K
}
Event: 5.605 GC heap before
{Heap before GC invocations=7 (full 1):
 PSYoungGen      total 88576K, used 88564K [0x000000078ab00000, 0x0000000793f00000, 0x00000007c0000000)
  eden space 81920K, 100% used [0x000000078ab00000,0x000000078fb00000,0x000000078fb00000)
  from space 6656K, 99% used [0x000000078fb00000,0x000000079017d0c0,0x0000000790180000)
  to   space 10240K, 0% used [0x0000000793500000,0x0000000793500000,0x0000000793f00000)
 ParOldGen       total 65536K, used 9164K [0x0000000720000000, 0x0000000724000000, 0x000000078ab00000)
  object space 65536K, 13% used [0x0000000720000000,0x00000007208f32e8,0x0000000724000000)
 Metaspace       used 29058K, capacity 30034K, committed 30208K, reserved 1075200K
  class space    used 3824K, capacity 4061K, committed 4096K, reserved 1048576K
Event: 5.793 GC heap after
Heap after GC invocations=7 (full 1):
 PSYoungGen      total 138752K, used 10228K [0x000000078ab00000, 0x0000000794c80000, 0x00000007c0000000)
  eden space 128512K, 0% used [0x000000078ab00000,0x000000078ab00000,0x0000000792880000)
  from space 10240K, 99% used [0x0000000793500000,0x0000000793efd190,0x0000000793f00000)
  to   space 12800K, 0% used [0x0000000792880000,0x0000000792880000,0x0000000793500000)
 ParOldGen       total 65536K, used 11607K [0x0000000720000000, 0x0000000724000000, 0x000000078ab00000)
  object space 65536K, 17% used [0x0000000720000000,0x0000000720b55c18,0x0000000724000000)
 Metaspace       used 29058K, capacity 30034K, committed 30208K, reserved 1075200K
  class space    used 3824K, capacity 4061K, committed 4096K, reserved 1048576K
}
Event: 8.963 GC heap before
{Heap before GC invocations=8 (full 1):
 PSYoungGen      total 138752K, used 116016K [0x000000078ab00000, 0x0000000794c80000, 0x00000007c0000000)
  eden space 128512K, 82% used [0x000000078ab00000,0x000000079124efe8,0x0000000792880000)
  from space 10240K, 99% used [0x0000000793500000,0x0000000793efd190,0x0000000793f00000)
  to   space 12800K, 0% used [0x0000000792880000,0x0000000792880000,0x0000000793500000)
 ParOldGen       total 65536K, used 11607K [0x0000000720000000, 0x0000000724000000, 0x000000078ab00000)
  object space 65536K, 17% used [0x0000000720000000,0x0000000720b55c18,0x0000000724000000)
 Metaspace       used 33981K, capacity 35430K, committed 35496K, reserved 1079296K
  class space    used 4449K, capacity 4745K, committed 4776K, reserved 1048576K
Event: 8.984 GC heap after
Heap after GC invocations=8 (full 1):
 PSYoungGen      total 141312K, used 12784K [0x000000078ab00000, 0x0000000799980000, 0x00000007c0000000)
  eden space 128512K, 0% used [0x000000078ab00000,0x000000078ab00000,0x0000000792880000)
  from space 12800K, 99% used [0x0000000792880000,0x00000007934fc328,0x0000000793500000)
  to   space 15872K, 0% used [0x0000000798a00000,0x0000000798a00000,0x0000000799980000)
 ParOldGen       total 65536K, used 14364K [0x0000000720000000, 0x0000000724000000, 0x000000078ab00000)
  object space 65536K, 21% used [0x0000000720000000,0x0000000720e073f0,0x0000000724000000)
 Metaspace       used 33981K, capacity 35430K, committed 35496K, reserved 1079296K
  class space    used 4449K, capacity 4745K, committed 4776K, reserved 1048576K
}
Event: 8.984 GC heap before
{Heap before GC invocations=9 (full 2):
 PSYoungGen      total 141312K, used 12784K [0x000000078ab00000, 0x0000000799980000, 0x00000007c0000000)
  eden space 128512K, 0% used [0x000000078ab00000,0x000000078ab00000,0x0000000792880000)
  from space 12800K, 99% used [0x0000000792880000,0x00000007934fc328,0x0000000793500000)
  to   space 15872K, 0% used [0x0000000798a00000,0x0000000798a00000,0x0000000799980000)
 ParOldGen       total 65536K, used 14364K [0x0000000720000000, 0x0000000724000000, 0x000000078ab00000)
  object space 65536K, 21% used [0x0000000720000000,0x0000000720e073f0,0x0000000724000000)
 Metaspace       used 33981K, capacity 35430K, committed 35496K, reserved 1079296K
  class space    used 4449K, capacity 4745K, committed 4776K, reserved 1048576K

