# JRE version: Java(TM) SE Runtime Environment (8.0_211-b12) (build 1.8.0_211-b12)
# Java VM: Java HotSpot(TM) 64-Bit Server VM (25.211-b12 mixed mode windows-amd64 compressed oops)
Heap:
 PSYoungGen      total 195584K, used 126478K [0x000000078ab00000, 0x0000000797f80000, 0x00000007c0000000)
  eden space 185856K, 64% used [0x000000078ab00000,0x00000007920b8898,0x0000000796080000)
  from space 9728K, 60% used [0x0000000797600000,0x0000000797bcb210,0x0000000797f80000)
  to   space 15872K, 0% used [0x0000000796080000,0x0000000796080000,0x0000000797000000)
 ParOldGen       total 110592K, used 20410K [0x0000000720000000, 0x0000000726c00000, 0x000000078ab00000)
  object space 110592K, 18% used [0x0000000720000000,0x00000007213eea48,0x0000000726c00000)
 Metaspace       used 48150K, capacity 49856K, committed 50344K, reserved 1093632K
  class space    used 6384K, capacity 6730K, committed 6824K, reserved 1048576K
GC Heap History (10 events):
Event: 4.077 GC heap before
{Heap before GC invocations=6 (full 1):
 PSYoungGen      total 88576K, used 81920K [0x000000078ab00000, 0x0000000790800000, 0x00000007c0000000)
  eden space 81920K, 100% used [0x000000078ab00000,0x000000078fb00000,0x000000078fb00000)
  from space 6656K, 0% used [0x0000000790180000,0x0000000790180000,0x0000000790800000)
  to   space 6656K, 0% used [0x000000078fb00000,0x000000078fb00000,0x0000000790180000)
 ParOldGen       total 65536K, used 6197K [0x0000000720000000, 0x0000000724000000, 0x000000078ab00000)
  object space 65536K, 9% used [0x0000000720000000,0x000000072060d438,0x0000000724000000)
 Metaspace       used 25500K, capacity 26172K, committed 26368K, reserved 1073152K
  class space    used 3335K, capacity 3508K, committed 3584K, reserved 1048576K
Event: 4.088 GC heap after
Heap after GC invocations=6 (full 1):
 PSYoungGen      total 88576K, used 6631K [0x000000078ab00000, 0x0000000793b80000, 0x00000007c0000000)
  eden space 81920K, 0% used [0x000000078ab00000,0x000000078ab00000,0x000000078fb00000)
  from space 6656K, 99% used [0x000000078fb00000,0x0000000790179d50,0x0000000790180000)
  to   space 10240K, 0% used [0x0000000793180000,0x0000000793180000,0x0000000793b80000)
 ParOldGen       total 65536K, used 9256K [0x0000000720000000, 0x0000000724000000, 0x000000078ab00000)
  object space 65536K, 14% used [0x0000000720000000,0x000000072090a3d0,0x0000000724000000)
 Metaspace       used 25500K, capacity 26172K, committed 26368K, reserved 1073152K
  class space    used 3335K, capacity 3508K, committed 3584K, reserved 1048576K
}
Event: 5.547 GC heap before
{Heap before GC invocations=7 (full 1):
 PSYoungGen      total 88576K, used 88551K [0x000000078ab00000, 0x0000000793b80000, 0x00000007c0000000)
  eden space 81920K, 100% used [0x000000078ab00000,0x000000078fb00000,0x000000078fb00000)
  from space 6656K, 99% used [0x000000078fb00000,0x0000000790179d50,0x0000000790180000)
  to   space 10240K, 0% used [0x0000000793180000,0x0000000793180000,0x0000000793b80000)
 ParOldGen       total 65536K, used 9256K [0x0000000720000000, 0x0000000724000000, 0x000000078ab00000)
  object space 65536K, 14% used [0x0000000720000000,0x000000072090a3d0,0x0000000724000000)
 Metaspace       used 29092K, capacity 30034K, committed 30208K, reserved 1075200K
  class space    used 3830K, capacity 4061K, committed 4096K, reserved 1048576K
Event: 5.583 GC heap after
Heap after GC invocations=7 (full 1):
 PSYoungGen      total 135168K, used 10213K [0x000000078ab00000, 0x0000000794100000, 0x00000007c0000000)
  eden space 124928K, 0% used [0x000000078ab00000,0x000000078ab00000,0x0000000792500000)
  from space 10240K, 99% used [0x0000000793180000,0x0000000793b794d0,0x0000000793b80000)
  to   space 12800K, 0% used [0x0000000792500000,0x0000000792500000,0x0000000793180000)
 ParOldGen       total 65536K, used 11765K [0x0000000720000000, 0x0000000724000000, 0x000000078ab00000)
  object space 65536K, 17% used [0x0000000720000000,0x0000000720b7d4d0,0x0000000724000000)
 Metaspace       used 29092K, capacity 30034K, committed 30208K, reserved 1075200K
  class space    used 3830K, capacity 4061K, committed 4096K, reserved 1048576K
}
Event: 7.307 GC heap before
{Heap before GC invocations=8 (full 1):
 PSYoungGen      total 135168K, used 118554K [0x000000078ab00000, 0x0000000794100000, 0x00000007c0000000)
  eden space 124928K, 86% used [0x000000078ab00000,0x00000007914cd4f0,0x0000000792500000)
  from space 10240K, 99% used [0x0000000793180000,0x0000000793b794d0,0x0000000793b80000)
  to   space 12800K, 0% used [0x0000000792500000,0x0000000792500000,0x0000000793180000)
 ParOldGen       total 65536K, used 11765K [0x0000000720000000, 0x0000000724000000, 0x000000078ab00000)
  object space 65536K, 17% used [0x0000000720000000,0x0000000720b7d4d0,0x0000000724000000)
 Metaspace       used 33992K, capacity 35434K, committed 35496K, reserved 1079296K
  class space    used 4447K, capacity 4745K, committed 4776K, reserved 1048576K
Event: 7.332 GC heap after
Heap after GC invocations=8 (full 1):
 PSYoungGen      total 137728K, used 12799K [0x000000078ab00000, 0x0000000798580000, 0x00000007c0000000)
  eden space 124928K, 0% used [0x000000078ab00000,0x000000078ab00000,0x0000000792500000)
  from space 12800K, 99% used [0x0000000792500000,0x000000079317fd78,0x0000000793180000)
  to   space 15872K, 0% used [0x0000000797600000,0x0000000797600000,0x0000000798580000)
 ParOldGen       total 65536K, used 14575K [0x0000000720000000, 0x0000000724000000, 0x000000078ab00000)
  object space 65536K, 22% used [0x0000000720000000,0x0000000720e3bd70,0x0000000724000000)
 Metaspace       used 33992K, capacity 35434K, committed 35496K, reserved 1079296K
  class space    used 4447K, capacity 4745K, committed 4776K, reserved 1048576K
}
Event: 7.332 GC heap before
{Heap before GC invocations=9 (full 2):
 PSYoungGen      total 137728K, used 12799K [0x000000078ab00000, 0x0000000798580000, 0x00000007c0000000)
  eden space 124928K, 0% used [0x000000078ab00000,0x000000078ab00000,0x0000000792500000)
  from space 12800K, 99% used [0x0000000792500000,0x000000079317fd78,0x0000000793180000)
  to   space 15872K, 0% used [0x0000000797600000,0x0000000797600000,0x0000000798580000)
 ParOldGen       total 65536K, used 14575K [0x0000000720000000, 0x0000000724000000, 0x000000078ab00000)
  object space 65536K, 22% used [0x0000000720000000,0x0000000720e3bd70,0x0000000724000000)
 Metaspace       used 33992K, capacity 35434K, committed 35496K, reserved 1079296K
  class space    used 4447K, capacity 4745K, committed 4776K, reserved 1048576K
Event: 7.425 GC heap after
Heap after GC invocations=9 (full 2):
 PSYoungGen      total 137728K, used 0K [0x000000078ab00000, 0x0000000798580000, 0x00000007c0000000)
  eden space 124928K, 0% used [0x000000078ab00000,0x000000078ab00000,0x0000000792500000)
  from space 12800K, 0% used [0x0000000792500000,0x0000000792500000,0x0000000793180000)
  to   space 15872K, 0% used [0x0000000797600000,0x0000000797600000,0x0000000798580000)
 ParOldGen       total 110592K, used 20402K [0x0000000720000000, 0x0000000726c00000, 0x000000078ab00000)
  object space 110592K, 18% used [0x0000000720000000,0x00000007213eca48,0x0000000726c00000)
 Metaspace       used 33992K, capacity 35434K, committed 35496K, reserved 1079296K
  class space    used 4447K, capacity 4745K, committed 4776K, reserved 1048576K
}
Event: 8.539 GC heap before
{Heap before GC invocations=10 (full 2):
 PSYoungGen      total 137728K, used 124928K [0x000000078ab00000, 0x0000000798580000, 0x00000007c0000000)
  eden space 124928K, 100% used [0x000000078ab00000,0x0000000792500000,0x0000000792500000)
  from space 12800K, 0% used [0x0000000792500000,0x0000000792500000,0x0000000793180000)
  to   space 15872K, 0% used [0x0000000797600000,0x0000000797600000,0x0000000798580000)
 ParOldGen       total 110592K, used 20402K [0x0000000720000000, 0x0000000726c00000, 0x000000078ab00000)
  object space 110592K, 18% used [0x0000000720000000,0x00000007213eca48,0x0000000726c00000)
 Metaspace       used 35678K, capacity 37190K, committed 37544K, reserved 1081344K
  class space    used 4645K, capacity 4925K, committed 5032K, reserved 1048576K
Event: 8.553 GC heap after
Heap after GC invocations=10 (full 2):
 PSYoungGen      total 195584K, used 5932K [0x000000078ab00000, 0x0000000797f80000, 0x00000007c0000000)
  eden space 185856K, 0% used [0x000000078ab00000,0x000000078ab00000,0x0000000796080000)
  from space 9728K, 60% used [0x0000000797600000,0x0000000797bcb210,0x0000000797f80000)
  to   space 15872K, 0% used [0x0000000796080000,0x0000000796080000,0x0000000797000000)
 ParOldGen       total 110592K, used 20410K [0x0000000720000000, 0x0000000726c00000, 0x000000078ab00000)
  object space 110592K, 18% used [0x0000000720000000,0x00000007213eea48,0x0000000726c00000)
 Metaspace       used 35678K, capacity 37190K, committed 37544K, reserved 1081344K
  class space    used 4645K, capacity 4925K, committed 5032K, reserved 1048576K
}

